<?xml version="1.0" encoding="UTF-8"?>
<!-- Generated by org.testng.reporters.JUnitXMLReporter -->
<testsuite ignored="0" hostname="DESKTOP-Q710H6J" failures="0" tests="1" name="ChromeTest" time="76.547" errors="0" timestamp="2021-11-11T17:07:14 GMT-08:00">
  <testcase classname="pack1.CrossBrowser" name="@BeforeTest setup" time="76.253">
    <failure type="org.openqa.selenium.WebDriverException" message="chrome not reachable
Build info: version: &amp;apos;3.141.59&amp;apos;, revision: &amp;apos;e82be7d358&amp;apos;, time: &amp;apos;2018-11-14T08:17:03&amp;apos;
System info: host: &amp;apos;DESKTOP-Q710H6J&amp;apos;, ip: &amp;apos;192.168.43.109&amp;apos;, os.name: &amp;apos;Windows 10&amp;apos;, os.arch: &amp;apos;amd64&amp;apos;, os.version: &amp;apos;10.0&amp;apos;, java.version: &amp;apos;17&amp;apos;
Driver info: driver.version: ChromeDriver
remote stacktrace: Backtrace:
	Ordinal0 [0x00FB06F3+2492147]
	Ordinal0 [0x00F49BD1+2071505]
	Ordinal0 [0x00E52340+1057600]
	Ordinal0 [0x00E4739D+1012637]
	Ordinal0 [0x00E6FF64+1179492]
	Ordinal0 [0x00E6C43B+1164347]
	Ordinal0 [0x00E69C9F+1154207]
	Ordinal0 [0x00E99DFF+1351167]
	Ordinal0 [0x00E99A6A+1350250]
	Ordinal0 [0x00E9568B+1332875]
	Ordinal0 [0x00E721D4+1188308]
	Ordinal0 [0x00E7302F+1191983]
	GetHandleVerifier [0x011367A6+1545030]
	GetHandleVerifier [0x011E105C+2243580]
	GetHandleVerifier [0x0103BC97+518199]
	GetHandleVerifier [0x0103AD80+514336]
	Ordinal0 [0x00F4ED2D+2092333]
	Ordinal0 [0x00F52EE8+2109160]
	Ordinal0 [0x00F53022+2109474]
	Ordinal0 [0x00F5CB71+2149233]
	BaseThreadInitThunk [0x770B6359+25]
	RtlGetAppContainerNamedObjectPath [0x771F7B74+228]
	RtlGetAppContainerNamedObjectPath [0x771F7B44+180]
">
      <![CDATA[org.openqa.selenium.WebDriverException: chrome not reachable
Build info: version: '3.141.59', revision: 'e82be7d358', time: '2018-11-14T08:17:03'
System info: host: 'DESKTOP-Q710H6J', ip: '192.168.43.109', os.name: 'Windows 10', os.arch: 'amd64', os.version: '10.0', java.version: '17'
Driver info: driver.version: ChromeDriver
remote stacktrace: Backtrace:
Ordinal0 [0x00FB06F3+2492147]
Ordinal0 [0x00F49BD1+2071505]
Ordinal0 [0x00E52340+1057600]
Ordinal0 [0x00E4739D+1012637]
Ordinal0 [0x00E6FF64+1179492]
Ordinal0 [0x00E6C43B+1164347]
Ordinal0 [0x00E69C9F+1154207]
Ordinal0 [0x00E99DFF+1351167]
Ordinal0 [0x00E99A6A+1350250]
Ordinal0 [0x00E9568B+1332875]
Ordinal0 [0x00E721D4+1188308]
Ordinal0 [0x00E7302F+1191983]
GetHandleVerifier [0x011367A6+1545030]
GetHandleVerifier [0x011E105C+2243580]
GetHandleVerifier [0x0103BC97+518199]
GetHandleVerifier [0x0103AD80+514336]
Ordinal0 [0x00F4ED2D+2092333]
Ordinal0 [0x00F52EE8+2109160]
Ordinal0 [0x00F53022+2109474]
Ordinal0 [0x00F5CB71+2149233]
BaseThreadInitThunk [0x770B6359+25]
RtlGetAppContainerNamedObjectPath [0x771F7B74+228]
RtlGetAppContainerNamedObjectPath [0x771F7B44+180]

at org.openqa.selenium.remote.W3CHandshakeResponse.lambda$errorHandler$0(W3CHandshakeResponse.java:62)
at org.openqa.selenium.remote.HandshakeResponse.lambda$getResponseFunction$0(HandshakeResponse.java:30)
at org.openqa.selenium.remote.ProtocolHandshake.lambda$createSession$0(ProtocolHandshake.java:126)
at java.base/java.util.stream.ReferencePipeline$3$1.accept(ReferencePipeline.java:197)
at java.base/java.util.Spliterators$ArraySpliterator.tryAdvance(Spliterators.java:1002)
at java.base/java.util.stream.ReferencePipeline.forEachWithCancel(ReferencePipeline.java:129)
at java.base/java.util.stream.AbstractPipeline.copyIntoWithCancel(AbstractPipeline.java:527)
at java.base/java.util.stream.AbstractPipeline.copyInto(AbstractPipeline.java:513)
at java.base/java.util.stream.AbstractPipeline.wrapAndCopyInto(AbstractPipeline.java:499)
at java.base/java.util.stream.FindOps$FindOp.evaluateSequential(FindOps.java:150)
at java.base/java.util.stream.AbstractPipeline.evaluate(AbstractPipeline.java:234)
at java.base/java.util.stream.ReferencePipeline.findFirst(ReferencePipeline.java:647)
at org.openqa.selenium.remote.ProtocolHandshake.createSession(ProtocolHandshake.java:128)
at org.openqa.selenium.remote.ProtocolHandshake.createSession(ProtocolHandshake.java:74)
at org.openqa.selenium.remote.HttpCommandExecutor.execute(HttpCommandExecutor.java:136)
at org.openqa.selenium.remote.service.DriverCommandExecutor.execute(DriverCommandExecutor.java:83)
at org.openqa.selenium.remote.RemoteWebDriver.execute(RemoteWebDriver.java:552)
at org.openqa.selenium.remote.RemoteWebDriver.startSession(RemoteWebDriver.java:213)
at org.openqa.selenium.remote.RemoteWebDriver.<init>(RemoteWebDriver.java:131)
at org.openqa.selenium.chrome.ChromeDriver.<init>(ChromeDriver.java:181)
at org.openqa.selenium.chrome.ChromeDriver.<init>(ChromeDriver.java:168)
at org.openqa.selenium.chrome.ChromeDriver.<init>(ChromeDriver.java:123)
at pack1.CrossBrowser.setup(CrossBrowser.java:24)
at java.base/java.util.concurrent.FutureTask.run(FutureTask.java:264)
at java.base/java.util.concurrent.ThreadPoolExecutor.runWorker(ThreadPoolExecutor.java:1136)
at java.base/java.util.concurrent.ThreadPoolExecutor$Worker.run(ThreadPoolExecutor.java:635)
at java.base/java.lang.Thread.run(Thread.java:833)
... Removed 20 stack frames]]>
    </failure>
  </testcase> <!-- @BeforeTest setup -->
  <testcase classname="pack1.CrossBrowser" name="demo" time="0.0">
    <skipped/>
  </testcase> <!-- demo -->
</testsuite> <!-- ChromeTest -->
