<?xml version="1.0" encoding="UTF-8"?>
<testsuite name="ChromeTest"
           tests="2"
           failures="1"
           errors="0"
           skipped="1"
           time="76.253">
  <properties />
            <testcase name="setup" time="76.253" classname="pack1.CrossBrowser">
                <failure type="org.openqa.selenium.WebDriverException"
                  message="chrome not reachable
Build info: version: &apos;3.141.59&apos;, revision: &apos;e82be7d358&apos;, time: &apos;2018-11-14T08:17:03&apos;
System info: host: &apos;DESKTOP-Q710H6J&apos;, ip: &apos;192.168.43.109&apos;, os.name: &apos;Windows 10&apos;, os.arch: &apos;amd64&apos;, os.version: &apos;10.0&apos;, java.version: &apos;17&apos;
Driver info: driver.version: ChromeDriver
remote stacktrace: Backtrace:
	Ordinal0 [0x00FB06F3+2492147]
	Ordinal0 [0x00F49BD1+2071505]
	Ordinal0 [0x00E52340+1057600]
	Ordinal0 [0x00E4739D+1012637]
	Ordinal0 [0x00E6FF64+1179492]
	Ordinal0 [0x00E6C43B+1164347]
	Ordinal0 [0x00E69C9F+1154207]
	Ordinal0 [0x00E99DFF+1351167]
	Ordinal0 [0x00E99A6A+1350250]
	Ordinal0 [0x00E9568B+1332875]
	Ordinal0 [0x00E721D4+1188308]
	Ordinal0 [0x00E7302F+1191983]
	GetHandleVerifier [0x011367A6+1545030]
	GetHandleVerifier [0x011E105C+2243580]
	GetHandleVerifier [0x0103BC97+518199]
	GetHandleVerifier [0x0103AD80+514336]
	Ordinal0 [0x00F4ED2D+2092333]
	Ordinal0 [0x00F52EE8+2109160]
	Ordinal0 [0x00F53022+2109474]
	Ordinal0 [0x00F5CB71+2149233]
	BaseThreadInitThunk [0x770B6359+25]
	RtlGetAppContainerNamedObjectPath [0x771F7B74+228]
	RtlGetAppContainerNamedObjectPath [0x771F7B44+180]
"
              >
<![CDATA[org.openqa.selenium.WebDriverException: chrome not reachable
Build info: version: '3.141.59', revision: 'e82be7d358', time: '2018-11-14T08:17:03'
System info: host: 'DESKTOP-Q710H6J', ip: '192.168.43.109', os.name: 'Windows 10', os.arch: 'amd64', os.version: '10.0', java.version: '17'
Driver info: driver.version: ChromeDriver
remote stacktrace: Backtrace:
	Ordinal0 [0x00FB06F3+2492147]
	Ordinal0 [0x00F49BD1+2071505]
	Ordinal0 [0x00E52340+1057600]
	Ordinal0 [0x00E4739D+1012637]
	Ordinal0 [0x00E6FF64+1179492]
	Ordinal0 [0x00E6C43B+1164347]
	Ordinal0 [0x00E69C9F+1154207]
	Ordinal0 [0x00E99DFF+1351167]
	Ordinal0 [0x00E99A6A+1350250]
	Ordinal0 [0x00E9568B+1332875]
	Ordinal0 [0x00E721D4+1188308]
	Ordinal0 [0x00E7302F+1191983]
	GetHandleVerifier [0x011367A6+1545030]
	GetHandleVerifier [0x011E105C+2243580]
	GetHandleVerifier [0x0103BC97+518199]
	GetHandleVerifier [0x0103AD80+514336]
	Ordinal0 [0x00F4ED2D+2092333]
	Ordinal0 [0x00F52EE8+2109160]
	Ordinal0 [0x00F53022+2109474]
	Ordinal0 [0x00F5CB71+2149233]
	BaseThreadInitThunk [0x770B6359+25]
	RtlGetAppContainerNamedObjectPath [0x771F7B74+228]
	RtlGetAppContainerNamedObjectPath [0x771F7B44+180]

  java.base/jdk.internal.reflect.NativeConstructorAccessorImpl.newInstance0(Native Method)
  java.base/jdk.internal.reflect.NativeConstructorAccessorImpl.newInstance(NativeConstructorAccessorImpl.java:77)
  java.base/jdk.internal.reflect.DelegatingConstructorAccessorImpl.newInstance(DelegatingConstructorAccessorImpl.java:45)
  java.base/java.lang.reflect.Constructor.newInstanceWithCaller(Constructor.java:499)
  java.base/java.lang.reflect.Constructor.newInstance(Constructor.java:480)
  org.openqa.selenium.remote.W3CHandshakeResponse.lambda$errorHandler$0(W3CHandshakeResponse.java:62)
  org.openqa.selenium.remote.HandshakeResponse.lambda$getResponseFunction$0(HandshakeResponse.java:30)
  org.openqa.selenium.remote.ProtocolHandshake.lambda$createSession$0(ProtocolHandshake.java:126)
  java.base/java.util.stream.ReferencePipeline$3$1.accept(ReferencePipeline.java:197)
  java.base/java.util.Spliterators$ArraySpliterator.tryAdvance(Spliterators.java:1002)
  java.base/java.util.stream.ReferencePipeline.forEachWithCancel(ReferencePipeline.java:129)
  java.base/java.util.stream.AbstractPipeline.copyIntoWithCancel(AbstractPipeline.java:527)
  java.base/java.util.stream.AbstractPipeline.copyInto(AbstractPipeline.java:513)
  java.base/java.util.stream.AbstractPipeline.wrapAndCopyInto(AbstractPipeline.java:499)
  java.base/java.util.stream.FindOps$FindOp.evaluateSequential(FindOps.java:150)
  java.base/java.util.stream.AbstractPipeline.evaluate(AbstractPipeline.java:234)
  java.base/java.util.stream.ReferencePipeline.findFirst(ReferencePipeline.java:647)
  org.openqa.selenium.remote.ProtocolHandshake.createSession(ProtocolHandshake.java:128)
  org.openqa.selenium.remote.ProtocolHandshake.createSession(ProtocolHandshake.java:74)
  org.openqa.selenium.remote.HttpCommandExecutor.execute(HttpCommandExecutor.java:136)
  org.openqa.selenium.remote.service.DriverCommandExecutor.execute(DriverCommandExecutor.java:83)
  org.openqa.selenium.remote.RemoteWebDriver.execute(RemoteWebDriver.java:552)
  org.openqa.selenium.remote.RemoteWebDriver.startSession(RemoteWebDriver.java:213)
  org.openqa.selenium.remote.RemoteWebDriver.<init>(RemoteWebDriver.java:131)
  org.openqa.selenium.chrome.ChromeDriver.<init>(ChromeDriver.java:181)
  org.openqa.selenium.chrome.ChromeDriver.<init>(ChromeDriver.java:168)
  org.openqa.selenium.chrome.ChromeDriver.<init>(ChromeDriver.java:123)
  pack1.CrossBrowser.setup(CrossBrowser.java:24)
  java.base/jdk.internal.reflect.NativeMethodAccessorImpl.invoke0(Native Method)
  java.base/jdk.internal.reflect.NativeMethodAccessorImpl.invoke(NativeMethodAccessorImpl.java:77)
  java.base/jdk.internal.reflect.DelegatingMethodAccessorImpl.invoke(DelegatingMethodAccessorImpl.java:43)
  java.base/java.lang.reflect.Method.invoke(Method.java:568)
  org.testng.internal.MethodInvocationHelper.invokeMethod(MethodInvocationHelper.java:133)
  org.testng.internal.MethodInvocationHelper.invokeMethodConsideringTimeout(MethodInvocationHelper.java:62)
  org.testng.internal.ConfigInvoker.invokeConfigurationMethod(ConfigInvoker.java:385)
  org.testng.internal.ConfigInvoker.invokeConfigurations(ConfigInvoker.java:321)
  org.testng.TestRunner.invokeTestConfigurations(TestRunner.java:637)
  org.testng.TestRunner.beforeRun(TestRunner.java:627)
  org.testng.TestRunner.run(TestRunner.java:589)
  org.testng.SuiteRunner.runTest(SuiteRunner.java:377)
  org.testng.SuiteRunner.access$000(SuiteRunner.java:28)
  org.testng.SuiteRunner$SuiteWorker.run(SuiteRunner.java:418)
  org.testng.internal.thread.ThreadUtil.lambda$execute$0(ThreadUtil.java:64)
  java.base/java.util.concurrent.FutureTask.run(FutureTask.java:264)
  java.base/java.util.concurrent.ThreadPoolExecutor.runWorker(ThreadPoolExecutor.java:1136)
  java.base/java.util.concurrent.ThreadPoolExecutor$Worker.run(ThreadPoolExecutor.java:635)
  java.base/java.lang.Thread.run(Thread.java:833)
]]>
      </failure>

          </testcase>
  
            <testcase name="demo" time="0.0" classname="pack1.CrossBrowser">
          <skipped />
    </testcase>
  
  
</testsuite>
